mode: set
JWKS-SERVER2/main.go:20.13,24.16 3 1
JWKS-SERVER2/main.go:24.16,26.3 1 0
JWKS-SERVER2/main.go:28.2,28.35 1 1
JWKS-SERVER2/main.go:32.13,38.2 3 0
JWKS-SERVER2/main.go:40.58,44.18 2 1
JWKS-SERVER2/main.go:45.23,52.34 3 1
JWKS-SERVER2/main.go:52.34,55.4 1 1
JWKS-SERVER2/main.go:58.3,72.17 5 1
JWKS-SERVER2/main.go:72.17,75.4 2 0
JWKS-SERVER2/main.go:77.3,84.33 3 1
JWKS-SERVER2/main.go:86.10,87.67 1 1
JWKS-SERVER2/main.go:93.59,97.18 2 1
JWKS-SERVER2/main.go:98.22,105.17 3 1
JWKS-SERVER2/main.go:105.17,108.4 2 0
JWKS-SERVER2/main.go:111.3,124.17 4 1
JWKS-SERVER2/main.go:124.17,127.4 2 0
JWKS-SERVER2/main.go:130.3,135.34 3 1
JWKS-SERVER2/main.go:137.10,138.67 1 0
